<?xml version="1.0" encoding="UTF-8"?>
<testsuite name="study sites"
           tests="3"
           failures="0"
           errors="0"
           skipped="0"
           time="29.944">
  <properties />
  
  
            <testcase name="stackoverflow" time="7.862" classname="TestNGDemos.RealDemos.ForumSites" />
                <testcase name="quora" time="7.689" classname="TestNGDemos.RealDemos.ForumSites" />
                <testcase name="sqaforums" time="14.393" classname="TestNGDemos.RealDemos.ForumSites" />
      
</testsuite>
